<?xml version="1.0" encoding="UTF-8"?>
<!-- Generated by org.testng.reporters.JUnitReportReporter -->
<testsuite skipped="0" hostname="Anag-PC" name="TestNG.LoginTestCases" tests="1" failures="0" timestamp="2020-05-30T17:45:54 IST" time="110.379" errors="0">
  <testcase name="LoginFlipkart" time="110.379" classname="TestNG.LoginTestCases"/>
  <system-out/>
</testsuite> <!-- TestNG.LoginTestCases -->
